<?xml version="1.0" encoding="UTF-8"?>
<testng-results ignored="0" total="3" passed="3" failed="0" skipped="0">
  <reporter-output>
  </reporter-output>
  <suite started-at="2023-09-08T13:03:45 IST" name="Default suite" finished-at="2023-09-08T13:05:20 IST" duration-ms="95318">
    <groups>
      <group name="cucumber">
        <method signature="AbstractTestNGCucumberTests.runScenario(io.cucumber.testng.PickleWrapper,io.cucumber.testng.FeatureWrapper)[pri:0, instance:StepDefinitions.Test_Runner@5c7933ad]" name="runScenario" class="io.cucumber.testng.AbstractTestNGCucumberTests"/>
      </group> <!-- cucumber -->
    </groups>
    <test started-at="2023-09-08T13:03:45 IST" name="Default test" finished-at="2023-09-08T13:05:20 IST" duration-ms="95318">
      <class name="StepDefinitions.Test_Runner">
        <test-method is-config="true" signature="setUpClass(org.testng.ITestContext)[pri:0, instance:StepDefinitions.Test_Runner@5c7933ad]" started-at="2023-09-08T13:03:45 IST" name="setUpClass" finished-at="2023-09-08T13:03:45 IST" duration-ms="613" status="PASS">
          <params>
            <param index="0">
              <value>
                <![CDATA[org.testng.TestRunner@7926352f]]>
              </value>
            </param>
          </params>
          <reporter-output>
          </reporter-output>
        </test-method> <!-- setUpClass -->
        <test-method signature="runScenario(io.cucumber.testng.PickleWrapper,io.cucumber.testng.FeatureWrapper)[pri:0, instance:StepDefinitions.Test_Runner@5c7933ad]" started-at="2023-09-08T13:03:45 IST" name="runScenario" description="Runs Cucumber Scenarios" data-provider="scenarios" finished-at="2023-09-08T13:04:29 IST" duration-ms="43548" status="PASS">
          <params>
            <param index="0">
              <value>
                <![CDATA["checking login procedure"]]>
              </value>
            </param>
            <param index="1">
              <value>
                <![CDATA["features to test login and adding product to cart and logging out"]]>
              </value>
            </param>
          </params>
          <reporter-output>
          </reporter-output>
        </test-method> <!-- runScenario -->
        <test-method signature="runScenario(io.cucumber.testng.PickleWrapper,io.cucumber.testng.FeatureWrapper)[pri:0, instance:StepDefinitions.Test_Runner@5c7933ad]" started-at="2023-09-08T13:04:29 IST" name="runScenario" description="Runs Cucumber Scenarios" data-provider="scenarios" finished-at="2023-09-08T13:04:59 IST" duration-ms="30574" status="PASS">
          <params>
            <param index="0">
              <value>
                <![CDATA["finding domain and adding one product to cart there"]]>
              </value>
            </param>
            <param index="1">
              <value>
                <![CDATA["features to test login and adding product to cart and logging out"]]>
              </value>
            </param>
          </params>
          <reporter-output>
          </reporter-output>
        </test-method> <!-- runScenario -->
        <test-method signature="runScenario(io.cucumber.testng.PickleWrapper,io.cucumber.testng.FeatureWrapper)[pri:0, instance:StepDefinitions.Test_Runner@5c7933ad]" started-at="2023-09-08T13:04:59 IST" name="runScenario" description="Runs Cucumber Scenarios" data-provider="scenarios" finished-at="2023-09-08T13:05:17 IST" duration-ms="17668" status="PASS">
          <params>
            <param index="0">
              <value>
                <![CDATA["View product in cart and logout"]]>
              </value>
            </param>
            <param index="1">
              <value>
                <![CDATA["features to test login and adding product to cart and logging out"]]>
              </value>
            </param>
          </params>
          <reporter-output>
          </reporter-output>
        </test-method> <!-- runScenario -->
        <test-method is-config="true" signature="tearDownClass()[pri:0, instance:StepDefinitions.Test_Runner@5c7933ad]" started-at="2023-09-08T13:05:17 IST" name="tearDownClass" finished-at="2023-09-08T13:05:20 IST" duration-ms="2859" status="PASS">
          <reporter-output>
          </reporter-output>
        </test-method> <!-- tearDownClass -->
      </class> <!-- StepDefinitions.Test_Runner -->
    </test> <!-- Default test -->
  </suite> <!-- Default suite -->
</testng-results>
